This is pdfTeX, Version 3.14159265-2.6-1.40.16 (TeX Live 2015) (preloaded format=pdflatex 2015.11.16)  7 JAN 2016 16:32
entering extended mode
 restricted \write18 enabled.
 %&-line parsing enabled.
**anexos.tex
(./anexos.tex
LaTeX2e <2015/01/01>
Babel <3.9l> and hyphenation patterns for 79 languages loaded.
(/usr/local/texlive/2015/texmf-dist/tex/latex/memoir/memoir.cls
Document Class: memoir 2015/04/23 v3.7d configurable book, report, article docu
ment class
\onelineskip=\skip41
\lxvchars=\skip42
\xlvchars=\skip43
\@memcnta=\count79
\c@@memmarkcntra=\count80
(/usr/local/texlive/2015/texmf-dist/tex/generic/oberdiek/ifpdf.sty
Package: ifpdf 2011/01/30 v2.3 Provides the ifpdf switch (HO)
Package ifpdf Info: pdfTeX in PDF mode is detected.
)
(/usr/local/texlive/2015/texmf-dist/tex/latex/ifetex/ifetex.sty
Package: ifetex 2011/12/15 v1.2 ifetex

(/usr/local/texlive/2015/texmf-dist/tex/plain/ifetex/ifetex.tex))
(/usr/local/texlive/2015/texmf-dist/tex/generic/ifxetex/ifxetex.sty
Package: ifxetex 2010/09/12 v0.6 Provides ifxetex conditional
)
(/usr/local/texlive/2015/texmf-dist/tex/generic/oberdiek/ifluatex.sty
Package: ifluatex 2010/03/01 v1.3 Provides the ifluatex switch (HO)
Package ifluatex Info: LuaTeX not detected.
)
\stockheight=\skip44
\stockwidth=\skip45
\trimtop=\skip46
\trimedge=\skip47

(/usr/local/texlive/2015/texmf-dist/tex/latex/etex-pkg/etex.sty
Package: etex 2015/03/02 v2.1 eTeX basic definition package (PEB,DPC)
\et@xins=\count81
)
(/usr/local/texlive/2015/texmf-dist/tex/latex/memoir/mem11.clo
File: mem11.clo 2008/01/30 v0.3 memoir class 11pt size option
)
\binding=\skip48
\spinemargin=\skip49
\foremargin=\skip50
\uppermargin=\skip51
\lowermargin=\skip52
\headdrop=\skip53
\normalrulethickness=\skip54
\mem@maxheadheight=\skip55
\mem@maxfootheight=\skip56
\headwidth=\skip57
\c@storedpagenumber=\count82
\memPD=\dimen102
\m@mabparskip=\skip58
\thanksmarkwidth=\skip59
\thanksmarksep=\skip60
\droptitle=\skip61
\c@book=\count83
\c@part=\count84
\c@chapter=\count85
\c@section=\count86
\c@subsection=\count87
\c@subsubsection=\count88
\c@paragraph=\count89
\c@subparagraph=\count90
\beforechapskip=\skip62
\midchapskip=\skip63
\afterchapskip=\skip64
\chapindent=\skip65
\bottomsectionskip=\skip66
\secindent=\skip67
\beforesecskip=\skip68
\aftersecskip=\skip69
\subsecindent=\skip70
\beforesubsecskip=\skip71
\aftersubsecskip=\skip72
\subsubsecindent=\skip73
\beforesubsubsecskip=\skip74
\aftersubsubsecskip=\skip75
\paraindent=\skip76
\beforeparaskip=\skip77
\afterparaskip=\skip78
\subparaindent=\skip79
\beforesubparaskip=\skip80
\aftersubparaskip=\skip81
\pfbreakskip=\skip82
\c@@ppsavesec=\count91
\c@@ppsaveapp=\count92
\ragrparindent=\dimen103
\everylistparindent=\dimen104
\parsepi=\skip83
\topsepi=\skip84
\itemsepi=\skip85
\parsepii=\skip86
\topsepii=\skip87
\topsepiii=\skip88
\itemsepii=\skip89
\itemsepiii=\skip90
\partopsepii=\skip91
\partopsepiii=\skip92
\m@msavetopsep=\skip93
\m@msavepartopsep=\skip94
\@enLab=\toks14
\abstitleskip=\skip95
\absleftindent=\skip96
\abs@leftindent=\dimen105
\absrightindent=\skip97
\absparindent=\skip98
\absparsep=\skip99
\c@vslineno=\count93
\c@poemline=\count94
\c@modulo@vs=\count95
\c@memfvsline=\count96
\vleftskip=\skip100
\vrightskip=\skip101
\stanzaskip=\skip102
\versewidth=\skip103
\vgap=\skip104
\vindent=\skip105
\vleftmargin=\dimen106
\c@verse=\count97
\c@chrsinstr=\count98
\beforepoemtitleskip=\skip106
\afterpoemtitleskip=\skip107
\c@poem=\count99
\beforePoemTitleskip=\skip108
\midPoemTitleskip=\skip109
\afterPoemTitleskip=\skip110
\col@sep=\dimen107
\extrarowheight=\dimen108
\NC@list=\toks15
\extratabsurround=\skip111
\backup@length=\skip112
\TX@col@width=\dimen109
\TX@old@table=\dimen110
\TX@old@col=\dimen111
\TX@target=\dimen112
\TX@delta=\dimen113
\TX@cols=\count100
\TX@ftn=\toks16
\heavyrulewidth=\dimen114
\lightrulewidth=\dimen115
\cmidrulewidth=\dimen116
\belowrulesep=\dimen117
\belowbottomsep=\dimen118
\aboverulesep=\dimen119
\abovetopsep=\dimen120
\cmidrulesep=\dimen121
\cmidrulekern=\dimen122
\defaultaddspace=\dimen123
\@cmidla=\count101
\@cmidlb=\count102
\@aboverulesep=\dimen124
\@belowrulesep=\dimen125
\@thisruleclass=\count103
\@lastruleclass=\count104
\@thisrulewidth=\dimen126
\ctableftskip=\skip113
\ctabrightskip=\skip114
\abovecolumnspenalty=\count105
\@linestogo=\count106
\@cellstogo=\count107
\@cellsincolumn=\count108
\crtok=\toks17
\@mincolumnwidth=\dimen127
\c@newflo@tctr=\count109
\mem@margin@floatbox=\box26
\@contcwidth=\skip115
\@contindw=\skip116
\abovecaptionskip=\skip117
\belowcaptionskip=\skip118
\subfloattopskip=\skip119
\subfloatcapskip=\skip120
\subfloatcaptopadj=\skip121
\subfloatbottomskip=\skip122
\subfloatlabelskip=\skip123
\subfloatcapmargin=\dimen128
\c@@contsubnum=\count110
\m@mscap@capbox=\box27
\m@mscap@fbox=\box28
\sidecapsep=\dimen129
\sidecapwidth=\dimen130
\m@m@tempdima=\dimen131
\m@mscapraise=\dimen132
\sidecapraise=\dimen133
\m@mscapmainwidth=\dimen134
\m@mscaplkern=\dimen135
\beforeepigraphskip=\skip124
\afterepigraphskip=\skip125
\epigraphwidth=\skip126
\epigraphrule=\skip127
LaTeX Info: Redefining \em on input line 7533.
LaTeX Info: Redefining \emph on input line 7541.
\tocentryskip=\skip128
\tocbaseline=\skip129
\cftparskip=\skip130
\cftbeforebookskip=\skip131
\cftbookindent=\dimen136
\cftbooknumwidth=\dimen137
\cftbeforepartskip=\skip132
\cftpartindent=\skip133
\cftpartnumwidth=\skip134
\cftbeforechapterskip=\skip135
\cftchapterindent=\skip136
\cftchapternumwidth=\skip137
\cftbeforesectionskip=\skip138
\cftsectionindent=\skip139
\cftsectionnumwidth=\skip140
\cftbeforesubsectionskip=\skip141
\cftsubsectionindent=\skip142
\cftsubsectionnumwidth=\skip143
\cftbeforesubsubsectionskip=\skip144
\cftsubsubsectionindent=\skip145
\cftsubsubsectionnumwidth=\skip146
\cftbeforeparagraphskip=\skip147
\cftparagraphindent=\skip148
\cftparagraphnumwidth=\skip149
\cftbeforesubparagraphskip=\skip150
\cftsubparagraphindent=\skip151
\cftsubparagraphnumwidth=\skip152
\prechapterprecisshift=\dimen138
\c@maxsecnumdepth=\count111
\bibindent=\dimen139
\bibitemsep=\skip153
\indexcolsep=\skip154
\indexrule=\skip155
\indexmarkstyle=\toks18
\@indexbox=\insert233
\glossarycolsep=\dimen140
\glossaryrule=\dimen141
\sideparvshift=\skip156
\sideins=\insert232
\sidebartopsep=\skip157
\sidebarhsep=\skip158
\sidebarvsep=\skip159
\sidebarwidth=\skip160
\footmarkwidth=\skip161
\footmarksep=\skip162
\footparindent=\skip163
\footinsdim=\skip164
\footinsv@r=\insert231
\@mpfootinsv@r=\insert230
\m@m@k=\count112
\m@m@h=\dimen142
\m@mipn@skip=\skip165
\sidefootins=\insert229
\sidefootadjust=\skip166
\sidefootheight=\skip167
\sidefoothsep=\skip168
\sidefootvsep=\skip169
\sidefootwidth=\skip170
\m@mdownsf=\skip171
\c@sidefootnote=\count113
\sidefootmarkwidth=\skip172
\sidefootmarksep=\skip173
\sidefootparindent=\skip174
\c@pagenote=\count114
\c@pagenoteshadow=\count115
\mem@pn@lastkern=\skip175
\every@verbatim=\toks19
\afterevery@verbatim=\toks20
\verbatim@line=\toks21
\tab@position=\count116
\verbatim@in@stream=\read1
\verbatimindent=\skip176
\verbatim@out=\write3
\bvboxsep=\skip177
\c@memfbvline=\count117
\c@bvlinectr=\count118
\bvnumlength=\skip178
\fb@frw=\dimen143
\fb@frh=\dimen144
\FrameRule=\dimen145
\FrameSep=\dimen146
\c@cp@cntr=\count119
LaTeX Info: Redefining \: on input line 12050.
LaTeX Info: Redefining \! on input line 12052.
\c@ism@mctr=\count120
\c@xsm@mctr=\count121
\c@csm@mctr=\count122
\c@ksm@mctr=\count123
\c@xksm@mctr=\count124
\c@cksm@mctr=\count125
\c@msm@mctr=\count126
\c@xmsm@mctr=\count127
\c@cmsm@mctr=\count128
\c@bsm@mctr=\count129
\c@workm@mctr=\count130
\c@sheetsequence=\count131
\c@lastsheet=\count132
\c@lastpage=\count133
\c@figure=\count134
\c@lofdepth=\count135
\cftbeforefigureskip=\skip179
\cftfigureindent=\skip180
\cftfigurenumwidth=\skip181
\c@table=\count136
\c@lotdepth=\count137
\cftbeforetableskip=\skip182
\cfttableindent=\skip183
\cfttablenumwidth=\skip184
Package abstract [2008/07/23] emulated by memoir.
Package appendix [2008/07/23] emulated by memoir.
Package array [2008/09/09] emulated by memoir.
Package booktabs [2008/07/23] emulated by memoir.
Package ccaption [2008/07/23] emulated by memoir.
Package changepage [2008/07/23] emulated by memoir.
Package chngcntr [2008/07/23] emulated by memoir.
Package chngpage [2008/07/23] emulated by memoir.
Package crop emulated by memoir.
Package dcolumn [2008/07/23] emulated by memoir.
Package delarray [2008/07/23] emulated by memoir.
Package enumerate [2008/07/23] emulated by memoir.
Package epigraph [2008/07/23] emulated by memoir.
Package ifmtarg [2008/07/23] emulated by memoir.
Package index [2008/07/23] emulated by memoir.
Package makeidx [2008/07/23] emulated by memoir.
Package moreverb [2008/07/23] emulated by memoir.
Package mparhack [2008/07/23] emulated by memoir.
Package needspace [2008/07/23] emulated by memoir.
Package newfile [2008/07/23] emulated by memoir.
Package nextpage [2008/07/23] emulated by memoir.
Package pagenote [2008/07/23] emulated by memoir.
Package parskip [2008/07/23] emulated by memoir.
Package patchcmd [2008/07/23] emulated by memoir.
Package setspace [2008/07/23] emulated by memoir.
Package shortvrb [2008/07/23] emulated by memoir.
Package showidx [2008/07/23] emulated by memoir.
Package tabularx [2008/07/23] emulated by memoir.
Package titleref [2008/07/23] emulated by memoir.
Package titling [2008/07/23] emulated by memoir.
Package tocbibind [2008/07/23] emulated by memoir.
Package tocloft [2008/07/23] emulated by memoir.
Package tocvsec2 [2008/07/23] emulated by memoir.
Package verbatim [2008/07/23] emulated by memoir.
Package verse [2008/07/23] emulated by memoir.

(/usr/local/texlive/2015/texmf-dist/tex/latex/memoir/mempatch.sty
Package: mempatch 2009/07/24 v6.0f Patches for memoir class v1.6180339
))
(/usr/local/texlive/2015/texmf-dist/tex/generic/babel/babel.sty
Package: babel 2014/09/25 3.9l The Babel package

(/usr/local/texlive/2015/texmf-dist/tex/generic/babel-spanish/spanish.ldf
Language: spanish.ldf 2014/04/24 v5.0n Spanish support from the babel system

(/usr/local/texlive/2015/texmf-dist/tex/generic/babel/babel.def
File: babel.def 2014/09/25 3.9l Babel common definitions
\babel@savecnt=\count138
\U@D=\dimen147
)
\es@quottoks=\toks22
\es@quotdepth=\count139
Package babel Info: Making " an active character on input line 516.
Package babel Info: Making . an active character on input line 617.
Package babel Info: Making < an active character on input line 662.
Package babel Info: Making > an active character on input line 662.
))
LaTeX Info: Redefining \. on input line 5.
LaTeX Info: Redefining \% on input line 5.

(/usr/local/texlive/2015/texmf-dist/tex/latex/base/inputenc.sty
Package: inputenc 2015/03/17 v1.2c Input encoding file
\inpenc@prehook=\toks23
\inpenc@posthook=\toks24

(/usr/local/texlive/2015/texmf-dist/tex/latex/ucs/utf8x.def
File: utf8x.def 2004/10/17 UCS: Input encoding UTF-8
))
(/usr/local/texlive/2015/texmf-dist/tex/latex/ucs/ucs.sty
Package: ucs 2013/05/11 v2.2 UCS: Unicode input support

(/usr/local/texlive/2015/texmf-dist/tex/latex/ucs/data/uni-global.def
File: uni-global.def 2013/05/13 UCS: Unicode global data
)
\uc@secondtry=\count140
\uc@combtoks=\toks25
\uc@combtoksb=\toks26
\uc@temptokena=\toks27
)
(/usr/local/texlive/2015/texmf-dist/tex/latex/placeins/placeins.sty
Package: placeins 2005/04/18  v 2.2
)
(/usr/local/texlive/2015/texmf-dist/tex/latex/eurosym/eurosym.sty
Package: eurosym 1998/08/06 v1.1 European currency symbol ``Euro''
\@eurobox=\box29
)
(/usr/local/texlive/2015/texmf-dist/tex/latex/xcolor/xcolor.sty
Package: xcolor 2007/01/21 v2.11 LaTeX color extensions (UK)

(/usr/local/texlive/2015/texmf-dist/tex/latex/latexconfig/color.cfg
File: color.cfg 2007/01/18 v1.5 color configuration of teTeX/TeXLive
)
Package xcolor Info: Driver file: pdftex.def on input line 225.

(/usr/local/texlive/2015/texmf-dist/tex/latex/pdftex-def/pdftex.def
File: pdftex.def 2011/05/27 v0.06d Graphics/color for pdfTeX

(/usr/local/texlive/2015/texmf-dist/tex/generic/oberdiek/infwarerr.sty
Package: infwarerr 2010/04/08 v1.3 Providing info/warning/error messages (HO)
)
(/usr/local/texlive/2015/texmf-dist/tex/generic/oberdiek/ltxcmds.sty
Package: ltxcmds 2011/11/09 v1.22 LaTeX kernel commands for general use (HO)
)
\Gread@gobject=\count141
)
(/usr/local/texlive/2015/texmf-dist/tex/latex/colortbl/colortbl.sty
Package: colortbl 2012/02/13 v1.0a Color table columns (DPC)
\everycr=\toks28
\minrowclearance=\skip185
)
\rownum=\count142
Package xcolor Info: Model `cmy' substituted by `cmy0' on input line 1337.
Package xcolor Info: Model `hsb' substituted by `rgb' on input line 1341.
Package xcolor Info: Model `RGB' extended on input line 1353.
Package xcolor Info: Model `HTML' substituted by `rgb' on input line 1355.
Package xcolor Info: Model `Hsb' substituted by `hsb' on input line 1356.
Package xcolor Info: Model `tHsb' substituted by `hsb' on input line 1357.
Package xcolor Info: Model `HSB' substituted by `hsb' on input line 1358.
Package xcolor Info: Model `Gray' substituted by `gray' on input line 1359.
Package xcolor Info: Model `wave' substituted by `hsb' on input line 1360.
)
(/usr/local/texlive/2015/texmf-dist/tex/latex/xtab/xtab.sty
Package: xtab 2011/07/31 v2.3f Extended supertabular package
\c@tracingst=\count143
\PWSTcapht=\dimen148
\ST@wd=\dimen149
\ST@rightskip=\skip186
\ST@leftskip=\skip187
\ST@parfillskip=\skip188
\c@PWSTtable=\count144
\PWSTlastpage=\count145
\PWSTpenultimate=\count146
\PWSTcurpage=\count147
\PWSTtempc=\count148
\PWSTlines=\count149
\PWST@lastht=\dimen150
\PWST@generalht=\dimen151
\PWST@ht=\dimen152
\ST@pageleft=\dimen153
\ST@headht=\dimen154
\ST@tailht=\dimen155
\ST@pagesofar=\dimen156
\ST@pboxht=\dimen157
\ST@lineht=\dimen158
\ST@stretchht=\dimen159
\ST@prevht=\dimen160
\ST@toadd=\dimen161
\ST@dimen=\dimen162
\ST@pbox=\box30
)
(/usr/local/texlive/2015/texmf-dist/tex/latex/multirow/multirow.sty
\bigstrutjot=\dimen163
)
(/usr/local/texlive/2015/texmf-dist/tex/latex/hyperref/hyperref.sty
Package: hyperref 2012/11/06 v6.83m Hypertext links for LaTeX

(/usr/local/texlive/2015/texmf-dist/tex/generic/oberdiek/hobsub-hyperref.sty
Package: hobsub-hyperref 2012/05/28 v1.13 Bundle oberdiek, subset hyperref (HO)


(/usr/local/texlive/2015/texmf-dist/tex/generic/oberdiek/hobsub-generic.sty
Package: hobsub-generic 2012/05/28 v1.13 Bundle oberdiek, subset generic (HO)
Package: hobsub 2012/05/28 v1.13 Construct package bundles (HO)
Package hobsub Info: Skipping package `infwarerr' (already loaded).
Package hobsub Info: Skipping package `ltxcmds' (already loaded).
Package hobsub Info: Skipping package `ifluatex' (already loaded).
Package: ifvtex 2010/03/01 v1.5 Detect VTeX and its facilities (HO)
Package ifvtex Info: VTeX not detected.
Package: intcalc 2007/09/27 v1.1 Expandable calculations with integers (HO)
Package hobsub Info: Skipping package `ifpdf' (already loaded).
Package: etexcmds 2011/02/16 v1.5 Avoid name clashes with e-TeX commands (HO)
Package etexcmds Info: Could not find \expanded.
(etexcmds)             That can mean that you are not using pdfTeX 1.50 or
(etexcmds)             that some package has redefined \expanded.
(etexcmds)             In the latter case, load this package earlier.
Package: kvsetkeys 2012/04/25 v1.16 Key value parser (HO)
Package: kvdefinekeys 2011/04/07 v1.3 Define keys (HO)
Package: pdftexcmds 2011/11/29 v0.20 Utility functions of pdfTeX for LuaTeX (HO
)
Package pdftexcmds Info: LuaTeX not detected.
Package pdftexcmds Info: \pdf@primitive is available.
Package pdftexcmds Info: \pdf@ifprimitive is available.
Package pdftexcmds Info: \pdfdraftmode found.
Package: pdfescape 2011/11/25 v1.13 Implements pdfTeX's escape features (HO)
Package: bigintcalc 2012/04/08 v1.3 Expandable calculations on big integers (HO
)
Package: bitset 2011/01/30 v1.1 Handle bit-vector datatype (HO)
Package: uniquecounter 2011/01/30 v1.2 Provide unlimited unique counter (HO)
)
Package hobsub Info: Skipping package `hobsub' (already loaded).
Package: letltxmacro 2010/09/02 v1.4 Let assignment for LaTeX macros (HO)
Package: hopatch 2012/05/28 v1.2 Wrapper for package hooks (HO)
Package: xcolor-patch 2011/01/30 xcolor patch
Package: atveryend 2011/06/30 v1.8 Hooks at the very end of document (HO)
Package atveryend Info: \enddocument detected (standard20110627).
Package: atbegshi 2011/10/05 v1.16 At begin shipout hook (HO)
Package: refcount 2011/10/16 v3.4 Data extraction from label references (HO)
Package: hycolor 2011/01/30 v1.7 Color options for hyperref/bookmark (HO)
)
(/usr/local/texlive/2015/texmf-dist/tex/latex/graphics/keyval.sty
Package: keyval 2014/10/28 v1.15 key=value parser (DPC)
\KV@toks@=\toks29
)
(/usr/local/texlive/2015/texmf-dist/tex/latex/oberdiek/auxhook.sty
Package: auxhook 2011/03/04 v1.3 Hooks for auxiliary files (HO)
)
(/usr/local/texlive/2015/texmf-dist/tex/latex/oberdiek/kvoptions.sty
Package: kvoptions 2011/06/30 v3.11 Key value format for package options (HO)
)
\@linkdim=\dimen164
\Hy@linkcounter=\count150
\Hy@pagecounter=\count151

(/usr/local/texlive/2015/texmf-dist/tex/latex/hyperref/pd1enc.def
File: pd1enc.def 2012/11/06 v6.83m Hyperref: PDFDocEncoding definition (HO)
)
\Hy@SavedSpaceFactor=\count152

(/usr/local/texlive/2015/texmf-dist/tex/latex/latexconfig/hyperref.cfg
File: hyperref.cfg 2002/06/06 v1.2 hyperref configuration of TeXLive
)
Package hyperref Info: Option `colorlinks' set `true' on input line 4319.
Package hyperref Info: Hyper figures OFF on input line 4443.
Package hyperref Info: Link nesting OFF on input line 4448.
Package hyperref Info: Hyper index ON on input line 4451.
Package hyperref Info: Plain pages OFF on input line 4458.
Package hyperref Info: Backreferencing OFF on input line 4463.
Package hyperref Info: Implicit mode ON; LaTeX internals redefined.
Package hyperref Info: Bookmarks ON on input line 4688.
\c@Hy@tempcnt=\count153

(/usr/local/texlive/2015/texmf-dist/tex/latex/url/url.sty
\Urlmuskip=\muskip10
Package: url 2013/09/16  ver 3.4  Verb mode for urls, etc.
)
LaTeX Info: Redefining \url on input line 5041.
\XeTeXLinkMargin=\dimen165
\Fld@menulength=\count154
\Field@Width=\dimen166
\Fld@charsize=\dimen167
Package hyperref Info: Hyper figures OFF on input line 6295.
Package hyperref Info: Link nesting OFF on input line 6300.
Package hyperref Info: Hyper index ON on input line 6303.
Package hyperref Info: backreferencing OFF on input line 6310.
Package hyperref Info: Link coloring ON on input line 6313.
Package hyperref Info: Link coloring with OCG OFF on input line 6320.
Package hyperref Info: PDF/A mode OFF on input line 6325.
LaTeX Info: Redefining \ref on input line 6365.
LaTeX Info: Redefining \pageref on input line 6369.
\Hy@abspage=\count155
\c@Item=\count156
\c@Hfootnote=\count157
)
(/usr/local/texlive/2015/texmf-dist/tex/latex/memoir/memhfixc.sty
Package: memhfixc 2013/05/30 v1.17 nameref/hyperref package fixes for memoir cl
ass
\c@memhycontfloat=\count158
\c@Hpagenote=\count159
)

Package hyperref Message: Driver (autodetected): hpdftex.

(/usr/local/texlive/2015/texmf-dist/tex/latex/hyperref/hpdftex.def
File: hpdftex.def 2012/11/06 v6.83m Hyperref driver for pdfTeX
\Fld@listcount=\count160
\c@bookmark@seq@number=\count161

(/usr/local/texlive/2015/texmf-dist/tex/latex/oberdiek/rerunfilecheck.sty
Package: rerunfilecheck 2011/04/15 v1.7 Rerun checks for auxiliary files (HO)
Package uniquecounter Info: New unique counter `rerunfilecheck' on input line 2
82.
)
\Hy@SectionHShift=\skip189
)
(/usr/local/texlive/2015/texmf-dist/tex/latex/amsmath/amsmath.sty
Package: amsmath 2013/01/14 v2.14 AMS math features
\@mathmargin=\skip190

For additional information on amsmath, use the `?' option.
(/usr/local/texlive/2015/texmf-dist/tex/latex/amsmath/amstext.sty
Package: amstext 2000/06/29 v2.01

(/usr/local/texlive/2015/texmf-dist/tex/latex/amsmath/amsgen.sty
File: amsgen.sty 1999/11/30 v2.0
\@emptytoks=\toks30
\ex@=\dimen168
))
(/usr/local/texlive/2015/texmf-dist/tex/latex/amsmath/amsbsy.sty
Package: amsbsy 1999/11/29 v1.2d
\pmbraise@=\dimen169
)
(/usr/local/texlive/2015/texmf-dist/tex/latex/amsmath/amsopn.sty
Package: amsopn 1999/12/14 v2.01 operator names
)
\inf@bad=\count162
LaTeX Info: Redefining \frac on input line 210.
\uproot@=\count163
\leftroot@=\count164
LaTeX Info: Redefining \overline on input line 306.
\classnum@=\count165
\DOTSCASE@=\count166
LaTeX Info: Redefining \ldots on input line 378.
LaTeX Info: Redefining \dots on input line 381.
LaTeX Info: Redefining \cdots on input line 466.
\Mathstrutbox@=\box31
\strutbox@=\box32
\big@size=\dimen170
LaTeX Font Info:    Redeclaring font encoding OML on input line 566.
LaTeX Font Info:    Redeclaring font encoding OMS on input line 567.
\macc@depth=\count167
\c@MaxMatrixCols=\count168
\dotsspace@=\muskip11
\c@parentequation=\count169
\dspbrk@lvl=\count170
\tag@help=\toks31
\row@=\count171
\column@=\count172
\maxfields@=\count173
\andhelp@=\toks32
\eqnshift@=\dimen171
\alignsep@=\dimen172
\tagshift@=\dimen173
\tagwidth@=\dimen174
\totwidth@=\dimen175
\lineht@=\dimen176
\@envbody=\toks33
\multlinegap=\skip191
\multlinetaggap=\skip192
\mathdisplay@stack=\toks34
LaTeX Info: Redefining \[ on input line 2665.
LaTeX Info: Redefining \] on input line 2666.
)
(/usr/local/texlive/2015/texmf-dist/tex/latex/graphics/graphicx.sty
Package: graphicx 2014/10/28 v1.0g Enhanced LaTeX Graphics (DPC,SPQR)

(/usr/local/texlive/2015/texmf-dist/tex/latex/graphics/graphics.sty
Package: graphics 2014/10/28 v1.0p Standard LaTeX Graphics (DPC,SPQR)

(/usr/local/texlive/2015/texmf-dist/tex/latex/graphics/trig.sty
Package: trig 1999/03/16 v1.09 sin cos tan (DPC)
)
(/usr/local/texlive/2015/texmf-dist/tex/latex/latexconfig/graphics.cfg
File: graphics.cfg 2010/04/23 v1.9 graphics configuration of TeX Live
)
Package graphics Info: Driver file: pdftex.def on input line 94.
)
\Gin@req@height=\dimen177
\Gin@req@width=\dimen178
)
(./anexos.aux
LaTeX Info: Redefining \. on input line 24.
LaTeX Info: Redefining \% on input line 24.
LaTeX Info: Redefining \. on input line 28.
LaTeX Info: Redefining \% on input line 28.
 (./tex/A_Plan_proyecto.aux) (./tex/B_Requisitos.aux)
(./tex/C_Diseno.aux) (./tex/D_Manual_programador.aux)
(./tex/E_Manual_usuario.aux))
\openout1 = `anexos.aux'.

LaTeX Font Info:    Checking defaults for OML/cmm/m/it on input line 347.
LaTeX Font Info:    ... okay on input line 347.
LaTeX Font Info:    Checking defaults for T1/cmr/m/n on input line 347.
LaTeX Font Info:    ... okay on input line 347.
LaTeX Font Info:    Checking defaults for OT1/cmr/m/n on input line 347.
LaTeX Font Info:    ... okay on input line 347.
LaTeX Font Info:    Checking defaults for OMS/cmsy/m/n on input line 347.
LaTeX Font Info:    ... okay on input line 347.
LaTeX Font Info:    Checking defaults for OMX/cmex/m/n on input line 347.
LaTeX Font Info:    ... okay on input line 347.
LaTeX Font Info:    Checking defaults for U/cmr/m/n on input line 347.
LaTeX Font Info:    ... okay on input line 347.
LaTeX Font Info:    Checking defaults for PD1/pdf/m/n on input line 347.
LaTeX Font Info:    ... okay on input line 347.
LaTeX Info: Redefining \. on input line 347.
LaTeX Info: Redefining \% on input line 347.

(/usr/local/texlive/2015/texmf-dist/tex/latex/ucs/ucsencs.def
File: ucsencs.def 2011/01/21 Fixes to fontencodings LGR, T3
)
(/usr/local/texlive/2015/texmf-dist/tex/context/base/supp-pdf.mkii
[Loading MPS to PDF converter (version 2006.09.02).]
\scratchcounter=\count174
\scratchdimen=\dimen179
\scratchbox=\box33
\nofMPsegments=\count175
\nofMParguments=\count176
\everyMPshowfont=\toks35
\MPscratchCnt=\count177
\MPscratchDim=\dimen180
\MPnumerator=\count178
\makeMPintoPDFobject=\count179
\everyMPtoPDFconversion=\toks36
)
\AtBeginShipoutBox=\box34
Package hyperref Info: Link coloring ON on input line 347.
 (/usr/local/texlive/2015/texmf-dist/tex/latex/hyperref/nameref.sty
Package: nameref 2012/10/27 v2.43 Cross-referencing by name of section

(/usr/local/texlive/2015/texmf-dist/tex/generic/oberdiek/gettitlestring.sty
Package: gettitlestring 2010/12/03 v1.4 Cleanup title references (HO)
)
\c@section@level=\count180
)
Redoing nameref's sectioning
Redoing nameref's label
LaTeX Info: Redefining \nameref on input line 347.
LaTeX Info: Redefining \ref on input line 347.
LaTeX Info: Redefining \pageref on input line 347.
LaTeX Info: Redefining \nameref on input line 347.
(./anexos.out) (./anexos.out)
\@outlinefile=\write4
\openout4 = `anexos.out'.


(/usr/local/texlive/2015/texmf-dist/tex/latex/oberdiek/epstopdf-base.sty
Package: epstopdf-base 2010/02/09 v2.5 Base part for package epstopdf

(/usr/local/texlive/2015/texmf-dist/tex/latex/oberdiek/grfext.sty
Package: grfext 2010/08/19 v1.1 Manage graphics extensions (HO)
)
Package grfext Info: Graphics extension search list:
(grfext)             [.png,.pdf,.jpg,.mps,.jpeg,.jbig2,.jb2,.PNG,.PDF,.JPG,.JPE
G,.JBIG2,.JB2,.eps]
(grfext)             \AppendGraphicsExtensions on input line 452.

(/usr/local/texlive/2015/texmf-dist/tex/latex/latexconfig/epstopdf-sys.cfg
File: epstopdf-sys.cfg 2010/07/13 v1.3 Configuration of (r)epstopdf for TeX Liv
e
))
<./img/cabecera.pdf, id=116, 617.67549pt x 135.51413pt>
File: ./img/cabecera.pdf Graphic file (type pdf)

<use ./img/cabecera.pdf>
Package pdftex.def Info: ./img/cabecera.pdf used on input line 349.
(pdftex.def)             Requested size: 369.0pt x 80.95758pt.

(/usr/local/texlive/2015/texmf-dist/tex/latex/ucs/data/uni-0.def
File: uni-0.def 2013/05/13 UCS: Unicode data U+0000..U+00FF
)
<./img/escudoInfor.pdf, id=117, 618.11432pt x 737.07487pt>
File: ./img/escudoInfor.pdf Graphic file (type pdf)

<use ./img/escudoInfor.pdf>
Package pdftex.def Info: ./img/escudoInfor.pdf used on input line 349.
(pdftex.def)             Requested size: 73.79887pt x 87.99529pt.

Overfull \hbox (26.65pt too wide) in paragraph at lines 349--349
[][][][][][][] $[]$ 
 []

Package babel Info: Redefining spanish shorthand <<
(babel)             in language append on input line 349.
Package babel Info: Redefining spanish shorthand >>
(babel)             in language append on input line 349.
Package babel Info: Redefining spanish shorthand "=
(babel)             in language append on input line 349.
Package babel Info: Redefining spanish shorthand "~
(babel)             in language append on input line 349.
Package babel Info: Redefining spanish shorthand "!
(babel)             in language append on input line 349.
Package babel Info: Redefining spanish shorthand "?
(babel)             in language append on input line 349.
Package babel Info: Redefining spanish shorthand <<
(babel)             in language append on input line 349.
Package babel Info: Redefining spanish shorthand >>
(babel)             in language append on input line 349.
Package babel Info: Redefining spanish shorthand "=
(babel)             in language append on input line 349.
Package babel Info: Redefining spanish shorthand "~
(babel)             in language append on input line 349.
Package babel Info: Redefining spanish shorthand "!
(babel)             in language append on input line 349.
Package babel Info: Redefining spanish shorthand "?
(babel)             in language append on input line 349.
[1

{/usr/local/texlive/2015/texmf-var/fonts/map/pdftex/updmap/pdftex.map} <./img/c
abecera.pdf> <./img/escudoInfor.pdf

pdfTeX warning: /Library/TeX/texbin/pdflatex (file ./img/escudoInfor.pdf): PDF 
inclusion: multiple pdfs with page group included in a single page
>]
Package babel Info: Redefining spanish shorthand <<
(babel)             in language append on input line 368.
Package babel Info: Redefining spanish shorthand >>
(babel)             in language append on input line 368.
Package babel Info: Redefining spanish shorthand "=
(babel)             in language append on input line 368.
Package babel Info: Redefining spanish shorthand "~
(babel)             in language append on input line 368.
Package babel Info: Redefining spanish shorthand "!
(babel)             in language append on input line 368.
Package babel Info: Redefining spanish shorthand "?
(babel)             in language append on input line 368.
 (./anexos.toc
LaTeX Info: Redefining \. on input line 1.
LaTeX Info: Redefining \% on input line 1.
LaTeX Info: Redefining \. on input line 2.
LaTeX Info: Redefining \% on input line 2.


LaTeX Font Warning: Font shape `OT1/cmr/bx/sc' undefined
(Font)              using `OT1/cmr/bx/n' instead on input line 3.


Package spanish Warning: Replacing `OT1/cmr/bx/sc' by 
(spanish)                faked small caps on input line 3.


Package spanish Warning: Replacing `OT1/cmr/bx/sc' by 
(spanish)                faked small caps on input line 4.

Package babel Info: Redefining spanish shorthand <<
(babel)             in language append on input line 51.
Package babel Info: Redefining spanish shorthand >>
(babel)             in language append on input line 51.
Package babel Info: Redefining spanish shorthand "=
(babel)             in language append on input line 51.
Package babel Info: Redefining spanish shorthand "~
(babel)             in language append on input line 51.
Package babel Info: Redefining spanish shorthand "!
(babel)             in language append on input line 51.
Package babel Info: Redefining spanish shorthand "?
(babel)             in language append on input line 51.
Package babel Info: Redefining spanish shorthand <<
(babel)             in language append on input line 51.
Package babel Info: Redefining spanish shorthand >>
(babel)             in language append on input line 51.
Package babel Info: Redefining spanish shorthand "=
(babel)             in language append on input line 51.
Package babel Info: Redefining spanish shorthand "~
(babel)             in language append on input line 51.
Package babel Info: Redefining spanish shorthand "!
(babel)             in language append on input line 51.
Package babel Info: Redefining spanish shorthand "?
(babel)             in language append on input line 51.
[1




])
LaTeX Info: Redefining \. on input line 369.
LaTeX Info: Redefining \% on input line 369.


Class memoir Warning: The material used in the headers is too large
(14.4521pt) for the given head height (13.6pt), it is recommended to
either increase the head height or redesign the header
(in both cases you will find help in the memoir manual). on input line 369.


Overfull \vbox (0.8521pt too high) has occurred while \output is active []

Package babel Info: Redefining spanish shorthand <<
(babel)             in language append on input line 369.
Package babel Info: Redefining spanish shorthand >>
(babel)             in language append on input line 369.
Package babel Info: Redefining spanish shorthand "=
(babel)             in language append on input line 369.
Package babel Info: Redefining spanish shorthand "~
(babel)             in language append on input line 369.
Package babel Info: Redefining spanish shorthand "!
(babel)             in language append on input line 369.
Package babel Info: Redefining spanish shorthand "?
(babel)             in language append on input line 369.
Package babel Info: Redefining spanish shorthand <<
(babel)             in language append on input line 369.
Package babel Info: Redefining spanish shorthand >>
(babel)             in language append on input line 369.
Package babel Info: Redefining spanish shorthand "=
(babel)             in language append on input line 369.
Package babel Info: Redefining spanish shorthand "~
(babel)             in language append on input line 369.
Package babel Info: Redefining spanish shorthand "!
(babel)             in language append on input line 369.
Package babel Info: Redefining spanish shorthand "?
(babel)             in language append on input line 369.

[2]
Package babel Info: Redefining spanish shorthand <<
(babel)             in language append on input line 372.
Package babel Info: Redefining spanish shorthand >>
(babel)             in language append on input line 372.
Package babel Info: Redefining spanish shorthand "=
(babel)             in language append on input line 372.
Package babel Info: Redefining spanish shorthand "~
(babel)             in language append on input line 372.
Package babel Info: Redefining spanish shorthand "!
(babel)             in language append on input line 372.
Package babel Info: Redefining spanish shorthand "?
(babel)             in language append on input line 372.
 (./anexos.lof
LaTeX Info: Redefining \. on input line 1.
LaTeX Info: Redefining \% on input line 1.
LaTeX Info: Redefining \. on input line 2.
LaTeX Info: Redefining \% on input line 2.
)
Package babel Info: Redefining spanish shorthand <<
(babel)             in language append on input line 373.
Package babel Info: Redefining spanish shorthand >>
(babel)             in language append on input line 373.
Package babel Info: Redefining spanish shorthand "=
(babel)             in language append on input line 373.
Package babel Info: Redefining spanish shorthand "~
(babel)             in language append on input line 373.
Package babel Info: Redefining spanish shorthand "!
(babel)             in language append on input line 373.
Package babel Info: Redefining spanish shorthand "?
(babel)             in language append on input line 373.
Package babel Info: Redefining spanish shorthand <<
(babel)             in language append on input line 373.
Package babel Info: Redefining spanish shorthand >>
(babel)             in language append on input line 373.
Package babel Info: Redefining spanish shorthand "=
(babel)             in language append on input line 373.
Package babel Info: Redefining spanish shorthand "~
(babel)             in language append on input line 373.
Package babel Info: Redefining spanish shorthand "!
(babel)             in language append on input line 373.
Package babel Info: Redefining spanish shorthand "?
(babel)             in language append on input line 373.
 [3

]
\openout2 = `./tex/A_Plan_proyecto.aux'.

 (./tex/A_Plan_proyecto.tex

LaTeX Font Warning: Font shape `OT1/cmss/m/it' in size <14.4> not available
(Font)              Font shape `OT1/cmss/m/sl' tried instead on input line 1.

Package babel Info: Redefining spanish shorthand <<
(babel)             in language append on input line 1.
Package babel Info: Redefining spanish shorthand >>
(babel)             in language append on input line 1.
Package babel Info: Redefining spanish shorthand "=
(babel)             in language append on input line 1.
Package babel Info: Redefining spanish shorthand "~
(babel)             in language append on input line 1.
Package babel Info: Redefining spanish shorthand "!
(babel)             in language append on input line 1.
Package babel Info: Redefining spanish shorthand "?
(babel)             in language append on input line 1.
Package babel Info: Redefining spanish shorthand <<
(babel)             in language append on input line 3.
Package babel Info: Redefining spanish shorthand >>
(babel)             in language append on input line 3.
Package babel Info: Redefining spanish shorthand "=
(babel)             in language append on input line 3.
Package babel Info: Redefining spanish shorthand "~
(babel)             in language append on input line 3.
Package babel Info: Redefining spanish shorthand "!
(babel)             in language append on input line 3.
Package babel Info: Redefining spanish shorthand "?
(babel)             in language append on input line 3.
Package babel Info: Redefining spanish shorthand <<
(babel)             in language append on input line 5.
Package babel Info: Redefining spanish shorthand >>
(babel)             in language append on input line 5.
Package babel Info: Redefining spanish shorthand "=
(babel)             in language append on input line 5.
Package babel Info: Redefining spanish shorthand "~
(babel)             in language append on input line 5.
Package babel Info: Redefining spanish shorthand "!
(babel)             in language append on input line 5.
Package babel Info: Redefining spanish shorthand "?
(babel)             in language append on input line 5.

Overfull \hbox (18.98203pt too wide) in paragraph at lines 30--30
 [] 
 []

<./img/sprint2.png, id=504, 602.25pt x 602.25pt>
File: ./img/sprint2.png Graphic file (type png)
 <use ./img/sprint2.png>
Package pdftex.def Info: ./img/sprint2.png used on input line 31.
(pdftex.def)             Requested size: 332.09775pt x 332.11153pt.


LaTeX Warning: `!h' float specifier changed to `!ht'.

Package babel Info: Redefining spanish shorthand <<
(babel)             in language append on input line 31.
Package babel Info: Redefining spanish shorthand >>
(babel)             in language append on input line 31.
Package babel Info: Redefining spanish shorthand "=
(babel)             in language append on input line 31.
Package babel Info: Redefining spanish shorthand "~
(babel)             in language append on input line 31.
Package babel Info: Redefining spanish shorthand "!
(babel)             in language append on input line 31.
Package babel Info: Redefining spanish shorthand "?
(babel)             in language append on input line 31.
Package babel Info: Redefining spanish shorthand <<
(babel)             in language append on input line 31.
Package babel Info: Redefining spanish shorthand >>
(babel)             in language append on input line 31.
Package babel Info: Redefining spanish shorthand "=
(babel)             in language append on input line 31.
Package babel Info: Redefining spanish shorthand "~
(babel)             in language append on input line 31.
Package babel Info: Redefining spanish shorthand "!
(babel)             in language append on input line 31.
Package babel Info: Redefining spanish shorthand "?
(babel)             in language append on input line 31.
pdfTeX warning (ext4): destination with the same identifier (name{page.1}) has 
been already used, duplicate ignored
<to be read again> 
                   \relax 
l.31 ...n{sprint2}{Gráfico Burndown Iteración 2}
                                                   [1




]
LaTeX Info: Redefining \. on input line 33.
LaTeX Info: Redefining \% on input line 33.

Overfull \vbox (0.8521pt too high) has occurred while \output is active []

Package babel Info: Redefining spanish shorthand <<
(babel)             in language append on input line 33.
Package babel Info: Redefining spanish shorthand >>
(babel)             in language append on input line 33.
Package babel Info: Redefining spanish shorthand "=
(babel)             in language append on input line 33.
Package babel Info: Redefining spanish shorthand "~
(babel)             in language append on input line 33.
Package babel Info: Redefining spanish shorthand "!
(babel)             in language append on input line 33.
Package babel Info: Redefining spanish shorthand "?
(babel)             in language append on input line 33.
Package babel Info: Redefining spanish shorthand <<
(babel)             in language append on input line 33.
Package babel Info: Redefining spanish shorthand >>
(babel)             in language append on input line 33.
Package babel Info: Redefining spanish shorthand "=
(babel)             in language append on input line 33.
Package babel Info: Redefining spanish shorthand "~
(babel)             in language append on input line 33.
Package babel Info: Redefining spanish shorthand "!
(babel)             in language append on input line 33.
Package babel Info: Redefining spanish shorthand "?
(babel)             in language append on input line 33.

[2 <./img/sprint2.png>]
Overfull \hbox (183.2638pt too wide) in paragraph at lines 43--43
 [] 
 []

<./img/sprint3.png, id=520, 602.25pt x 602.25pt>
File: ./img/sprint3.png Graphic file (type png)
 <use ./img/sprint3.png>
Package pdftex.def Info: ./img/sprint3.png used on input line 44.
(pdftex.def)             Requested size: 332.09775pt x 332.11153pt.
LaTeX Info: Redefining \. on input line 48.
LaTeX Info: Redefining \% on input line 48.

Overfull \vbox (0.8521pt too high) has occurred while \output is active []

Package babel Info: Redefining spanish shorthand <<
(babel)             in language append on input line 48.
Package babel Info: Redefining spanish shorthand >>
(babel)             in language append on input line 48.
Package babel Info: Redefining spanish shorthand "=
(babel)             in language append on input line 48.
Package babel Info: Redefining spanish shorthand "~
(babel)             in language append on input line 48.
Package babel Info: Redefining spanish shorthand "!
(babel)             in language append on input line 48.
Package babel Info: Redefining spanish shorthand "?
(babel)             in language append on input line 48.
Package babel Info: Redefining spanish shorthand <<
(babel)             in language append on input line 48.
Package babel Info: Redefining spanish shorthand >>
(babel)             in language append on input line 48.
Package babel Info: Redefining spanish shorthand "=
(babel)             in language append on input line 48.
Package babel Info: Redefining spanish shorthand "~
(babel)             in language append on input line 48.
Package babel Info: Redefining spanish shorthand "!
(babel)             in language append on input line 48.
Package babel Info: Redefining spanish shorthand "?
(babel)             in language append on input line 48.

[3

 <./img/sprint3.png>] <./img/sprint4.png, id=529, 602.25pt x 602.25pt>
File: ./img/sprint4.png Graphic file (type png)

<use ./img/sprint4.png>
Package pdftex.def Info: ./img/sprint4.png used on input line 60.
(pdftex.def)             Requested size: 332.09775pt x 332.11153pt.
LaTeX Info: Redefining \. on input line 62.
LaTeX Info: Redefining \% on input line 62.

Overfull \vbox (0.8521pt too high) has occurred while \output is active []

Package babel Info: Redefining spanish shorthand <<
(babel)             in language append on input line 62.
Package babel Info: Redefining spanish shorthand >>
(babel)             in language append on input line 62.
Package babel Info: Redefining spanish shorthand "=
(babel)             in language append on input line 62.
Package babel Info: Redefining spanish shorthand "~
(babel)             in language append on input line 62.
Package babel Info: Redefining spanish shorthand "!
(babel)             in language append on input line 62.
Package babel Info: Redefining spanish shorthand "?
(babel)             in language append on input line 62.
Package babel Info: Redefining spanish shorthand <<
(babel)             in language append on input line 62.
Package babel Info: Redefining spanish shorthand >>
(babel)             in language append on input line 62.
Package babel Info: Redefining spanish shorthand "=
(babel)             in language append on input line 62.
Package babel Info: Redefining spanish shorthand "~
(babel)             in language append on input line 62.
Package babel Info: Redefining spanish shorthand "!
(babel)             in language append on input line 62.
Package babel Info: Redefining spanish shorthand "?
(babel)             in language append on input line 62.

[4

 <./img/sprint4.png>] <./img/sprint5.png, id=537, 602.25pt x 602.25pt>
File: ./img/sprint5.png Graphic file (type png)

<use ./img/sprint5.png>
Package pdftex.def Info: ./img/sprint5.png used on input line 74.
(pdftex.def)             Requested size: 332.09775pt x 332.11153pt.
LaTeX Info: Redefining \. on input line 76.
LaTeX Info: Redefining \% on input line 76.

Overfull \vbox (0.8521pt too high) has occurred while \output is active []

Package babel Info: Redefining spanish shorthand <<
(babel)             in language append on input line 76.
Package babel Info: Redefining spanish shorthand >>
(babel)             in language append on input line 76.
Package babel Info: Redefining spanish shorthand "=
(babel)             in language append on input line 76.
Package babel Info: Redefining spanish shorthand "~
(babel)             in language append on input line 76.
Package babel Info: Redefining spanish shorthand "!
(babel)             in language append on input line 76.
Package babel Info: Redefining spanish shorthand "?
(babel)             in language append on input line 76.
Package babel Info: Redefining spanish shorthand <<
(babel)             in language append on input line 76.
Package babel Info: Redefining spanish shorthand >>
(babel)             in language append on input line 76.
Package babel Info: Redefining spanish shorthand "=
(babel)             in language append on input line 76.
Package babel Info: Redefining spanish shorthand "~
(babel)             in language append on input line 76.
Package babel Info: Redefining spanish shorthand "!
(babel)             in language append on input line 76.
Package babel Info: Redefining spanish shorthand "?
(babel)             in language append on input line 76.

[5

 <./img/sprint5.png>]
Overfull \hbox (24.03119pt too wide) in paragraph at lines 86--86
 [] 
 []

<./img/sprint6.png, id=545, 602.25pt x 602.25pt>
File: ./img/sprint6.png Graphic file (type png)
 <use ./img/sprint6.png>
Package pdftex.def Info: ./img/sprint6.png used on input line 87.
(pdftex.def)             Requested size: 332.09775pt x 332.11153pt.
LaTeX Info: Redefining \. on input line 89.
LaTeX Info: Redefining \% on input line 89.

Overfull \vbox (0.8521pt too high) has occurred while \output is active []

Package babel Info: Redefining spanish shorthand <<
(babel)             in language append on input line 89.
Package babel Info: Redefining spanish shorthand >>
(babel)             in language append on input line 89.
Package babel Info: Redefining spanish shorthand "=
(babel)             in language append on input line 89.
Package babel Info: Redefining spanish shorthand "~
(babel)             in language append on input line 89.
Package babel Info: Redefining spanish shorthand "!
(babel)             in language append on input line 89.
Package babel Info: Redefining spanish shorthand "?
(babel)             in language append on input line 89.
Package babel Info: Redefining spanish shorthand <<
(babel)             in language append on input line 89.
Package babel Info: Redefining spanish shorthand >>
(babel)             in language append on input line 89.
Package babel Info: Redefining spanish shorthand "=
(babel)             in language append on input line 89.
Package babel Info: Redefining spanish shorthand "~
(babel)             in language append on input line 89.
Package babel Info: Redefining spanish shorthand "!
(babel)             in language append on input line 89.
Package babel Info: Redefining spanish shorthand "?
(babel)             in language append on input line 89.

[6

 <./img/sprint6.png>] <./img/sprint7.png, id=553, 602.25pt x 602.25pt>
File: ./img/sprint7.png Graphic file (type png)

<use ./img/sprint7.png>
Package pdftex.def Info: ./img/sprint7.png used on input line 100.
(pdftex.def)             Requested size: 332.09775pt x 332.11153pt.
LaTeX Info: Redefining \. on input line 102.
LaTeX Info: Redefining \% on input line 102.

Overfull \vbox (0.8521pt too high) has occurred while \output is active []

Package babel Info: Redefining spanish shorthand <<
(babel)             in language append on input line 102.
Package babel Info: Redefining spanish shorthand >>
(babel)             in language append on input line 102.
Package babel Info: Redefining spanish shorthand "=
(babel)             in language append on input line 102.
Package babel Info: Redefining spanish shorthand "~
(babel)             in language append on input line 102.
Package babel Info: Redefining spanish shorthand "!
(babel)             in language append on input line 102.
Package babel Info: Redefining spanish shorthand "?
(babel)             in language append on input line 102.
Package babel Info: Redefining spanish shorthand <<
(babel)             in language append on input line 102.
Package babel Info: Redefining spanish shorthand >>
(babel)             in language append on input line 102.
Package babel Info: Redefining spanish shorthand "=
(babel)             in language append on input line 102.
Package babel Info: Redefining spanish shorthand "~
(babel)             in language append on input line 102.
Package babel Info: Redefining spanish shorthand "!
(babel)             in language append on input line 102.
Package babel Info: Redefining spanish shorthand "?
(babel)             in language append on input line 102.

[7

 <./img/sprint7.png>] <./img/sprint8.png, id=561, 602.25pt x 602.25pt>
File: ./img/sprint8.png Graphic file (type png)

<use ./img/sprint8.png>
Package pdftex.def Info: ./img/sprint8.png used on input line 112.
(pdftex.def)             Requested size: 332.09775pt x 332.11153pt.
LaTeX Info: Redefining \. on input line 114.
LaTeX Info: Redefining \% on input line 114.

Overfull \vbox (0.8521pt too high) has occurred while \output is active []

Package babel Info: Redefining spanish shorthand <<
(babel)             in language append on input line 114.
Package babel Info: Redefining spanish shorthand >>
(babel)             in language append on input line 114.
Package babel Info: Redefining spanish shorthand "=
(babel)             in language append on input line 114.
Package babel Info: Redefining spanish shorthand "~
(babel)             in language append on input line 114.
Package babel Info: Redefining spanish shorthand "!
(babel)             in language append on input line 114.
Package babel Info: Redefining spanish shorthand "?
(babel)             in language append on input line 114.
Package babel Info: Redefining spanish shorthand <<
(babel)             in language append on input line 114.
Package babel Info: Redefining spanish shorthand >>
(babel)             in language append on input line 114.
Package babel Info: Redefining spanish shorthand "=
(babel)             in language append on input line 114.
Package babel Info: Redefining spanish shorthand "~
(babel)             in language append on input line 114.
Package babel Info: Redefining spanish shorthand "!
(babel)             in language append on input line 114.
Package babel Info: Redefining spanish shorthand "?
(babel)             in language append on input line 114.

[8

 <./img/sprint8.png>] <./img/sprint9.png, id=569, 602.25pt x 602.25pt>
File: ./img/sprint9.png Graphic file (type png)

<use ./img/sprint9.png>
Package pdftex.def Info: ./img/sprint9.png used on input line 124.
(pdftex.def)             Requested size: 332.09775pt x 332.11153pt.
LaTeX Info: Redefining \. on input line 126.
LaTeX Info: Redefining \% on input line 126.

Overfull \vbox (0.8521pt too high) has occurred while \output is active []

Package babel Info: Redefining spanish shorthand <<
(babel)             in language append on input line 126.
Package babel Info: Redefining spanish shorthand >>
(babel)             in language append on input line 126.
Package babel Info: Redefining spanish shorthand "=
(babel)             in language append on input line 126.
Package babel Info: Redefining spanish shorthand "~
(babel)             in language append on input line 126.
Package babel Info: Redefining spanish shorthand "!
(babel)             in language append on input line 126.
Package babel Info: Redefining spanish shorthand "?
(babel)             in language append on input line 126.
Package babel Info: Redefining spanish shorthand <<
(babel)             in language append on input line 126.
Package babel Info: Redefining spanish shorthand >>
(babel)             in language append on input line 126.
Package babel Info: Redefining spanish shorthand "=
(babel)             in language append on input line 126.
Package babel Info: Redefining spanish shorthand "~
(babel)             in language append on input line 126.
Package babel Info: Redefining spanish shorthand "!
(babel)             in language append on input line 126.
Package babel Info: Redefining spanish shorthand "?
(babel)             in language append on input line 126.

[9

 <./img/sprint9.png>]
Package babel Info: Redefining spanish shorthand <<
(babel)             in language append on input line 128.
Package babel Info: Redefining spanish shorthand >>
(babel)             in language append on input line 128.
Package babel Info: Redefining spanish shorthand "=
(babel)             in language append on input line 128.
Package babel Info: Redefining spanish shorthand "~
(babel)             in language append on input line 128.
Package babel Info: Redefining spanish shorthand "!
(babel)             in language append on input line 128.
Package babel Info: Redefining spanish shorthand "?
(babel)             in language append on input line 128.
LaTeX Info: Redefining \. on input line 166.
LaTeX Info: Redefining \% on input line 166.

Overfull \vbox (0.8521pt too high) has occurred while \output is active []

Package babel Info: Redefining spanish shorthand <<
(babel)             in language append on input line 166.
Package babel Info: Redefining spanish shorthand >>
(babel)             in language append on input line 166.
Package babel Info: Redefining spanish shorthand "=
(babel)             in language append on input line 166.
Package babel Info: Redefining spanish shorthand "~
(babel)             in language append on input line 166.
Package babel Info: Redefining spanish shorthand "!
(babel)             in language append on input line 166.
Package babel Info: Redefining spanish shorthand "?
(babel)             in language append on input line 166.
Package babel Info: Redefining spanish shorthand <<
(babel)             in language append on input line 166.
Package babel Info: Redefining spanish shorthand >>
(babel)             in language append on input line 166.
Package babel Info: Redefining spanish shorthand "=
(babel)             in language append on input line 166.
Package babel Info: Redefining spanish shorthand "~
(babel)             in language append on input line 166.
Package babel Info: Redefining spanish shorthand "!
(babel)             in language append on input line 166.
Package babel Info: Redefining spanish shorthand "?
(babel)             in language append on input line 166.

[10

]
LaTeX Info: Redefining \. on input line 207.
LaTeX Info: Redefining \% on input line 207.

Overfull \vbox (0.8521pt too high) has occurred while \output is active []

Package babel Info: Redefining spanish shorthand <<
(babel)             in language append on input line 207.
Package babel Info: Redefining spanish shorthand >>
(babel)             in language append on input line 207.
Package babel Info: Redefining spanish shorthand "=
(babel)             in language append on input line 207.
Package babel Info: Redefining spanish shorthand "~
(babel)             in language append on input line 207.
Package babel Info: Redefining spanish shorthand "!
(babel)             in language append on input line 207.
Package babel Info: Redefining spanish shorthand "?
(babel)             in language append on input line 207.
Package babel Info: Redefining spanish shorthand <<
(babel)             in language append on input line 207.
Package babel Info: Redefining spanish shorthand >>
(babel)             in language append on input line 207.
Package babel Info: Redefining spanish shorthand "=
(babel)             in language append on input line 207.
Package babel Info: Redefining spanish shorthand "~
(babel)             in language append on input line 207.
Package babel Info: Redefining spanish shorthand "!
(babel)             in language append on input line 207.
Package babel Info: Redefining spanish shorthand "?
(babel)             in language append on input line 207.

[11]
LaTeX Info: Redefining \. on input line 207.
LaTeX Info: Redefining \% on input line 207.

Overfull \vbox (0.8521pt too high) has occurred while \output is active []

Package babel Info: Redefining spanish shorthand <<
(babel)             in language append on input line 207.
Package babel Info: Redefining spanish shorthand >>
(babel)             in language append on input line 207.
Package babel Info: Redefining spanish shorthand "=
(babel)             in language append on input line 207.
Package babel Info: Redefining spanish shorthand "~
(babel)             in language append on input line 207.
Package babel Info: Redefining spanish shorthand "!
(babel)             in language append on input line 207.
Package babel Info: Redefining spanish shorthand "?
(babel)             in language append on input line 207.
Package babel Info: Redefining spanish shorthand <<
(babel)             in language append on input line 207.
Package babel Info: Redefining spanish shorthand >>
(babel)             in language append on input line 207.
Package babel Info: Redefining spanish shorthand "=
(babel)             in language append on input line 207.
Package babel Info: Redefining spanish shorthand "~
(babel)             in language append on input line 207.
Package babel Info: Redefining spanish shorthand "!
(babel)             in language append on input line 207.
Package babel Info: Redefining spanish shorthand "?
(babel)             in language append on input line 207.

[12])
LaTeX Info: Redefining \. on input line 383.
LaTeX Info: Redefining \% on input line 383.

Overfull \vbox (0.8521pt too high) has occurred while \output is active []

Package babel Info: Redefining spanish shorthand <<
(babel)             in language append on input line 383.
Package babel Info: Redefining spanish shorthand >>
(babel)             in language append on input line 383.
Package babel Info: Redefining spanish shorthand "=
(babel)             in language append on input line 383.
Package babel Info: Redefining spanish shorthand "~
(babel)             in language append on input line 383.
Package babel Info: Redefining spanish shorthand "!
(babel)             in language append on input line 383.
Package babel Info: Redefining spanish shorthand "?
(babel)             in language append on input line 383.
Package babel Info: Redefining spanish shorthand <<
(babel)             in language append on input line 383.
Package babel Info: Redefining spanish shorthand >>
(babel)             in language append on input line 383.
Package babel Info: Redefining spanish shorthand "=
(babel)             in language append on input line 383.
Package babel Info: Redefining spanish shorthand "~
(babel)             in language append on input line 383.
Package babel Info: Redefining spanish shorthand "!
(babel)             in language append on input line 383.
Package babel Info: Redefining spanish shorthand "?
(babel)             in language append on input line 383.

[13

]
\openout2 = `./tex/B_Requisitos.aux'.

 (./tex/B_Requisitos.tex
Package babel Info: Redefining spanish shorthand <<
(babel)             in language append on input line 1.
Package babel Info: Redefining spanish shorthand >>
(babel)             in language append on input line 1.
Package babel Info: Redefining spanish shorthand "=
(babel)             in language append on input line 1.
Package babel Info: Redefining spanish shorthand "~
(babel)             in language append on input line 1.
Package babel Info: Redefining spanish shorthand "!
(babel)             in language append on input line 1.
Package babel Info: Redefining spanish shorthand "?
(babel)             in language append on input line 1.
Package babel Info: Redefining spanish shorthand <<
(babel)             in language append on input line 3.
Package babel Info: Redefining spanish shorthand >>
(babel)             in language append on input line 3.
Package babel Info: Redefining spanish shorthand "=
(babel)             in language append on input line 3.
Package babel Info: Redefining spanish shorthand "~
(babel)             in language append on input line 3.
Package babel Info: Redefining spanish shorthand "!
(babel)             in language append on input line 3.
Package babel Info: Redefining spanish shorthand "?
(babel)             in language append on input line 3.
Package babel Info: Redefining spanish shorthand <<
(babel)             in language append on input line 7.
Package babel Info: Redefining spanish shorthand >>
(babel)             in language append on input line 7.
Package babel Info: Redefining spanish shorthand "=
(babel)             in language append on input line 7.
Package babel Info: Redefining spanish shorthand "~
(babel)             in language append on input line 7.
Package babel Info: Redefining spanish shorthand "!
(babel)             in language append on input line 7.
Package babel Info: Redefining spanish shorthand "?
(babel)             in language append on input line 7.
Package babel Info: Redefining spanish shorthand <<
(babel)             in language append on input line 9.
Package babel Info: Redefining spanish shorthand >>
(babel)             in language append on input line 9.
Package babel Info: Redefining spanish shorthand "=
(babel)             in language append on input line 9.
Package babel Info: Redefining spanish shorthand "~
(babel)             in language append on input line 9.
Package babel Info: Redefining spanish shorthand "!
(babel)             in language append on input line 9.
Package babel Info: Redefining spanish shorthand "?
(babel)             in language append on input line 9.
Package babel Info: Redefining spanish shorthand <<
(babel)             in language append on input line 11.
Package babel Info: Redefining spanish shorthand >>
(babel)             in language append on input line 11.
Package babel Info: Redefining spanish shorthand "=
(babel)             in language append on input line 11.
Package babel Info: Redefining spanish shorthand "~
(babel)             in language append on input line 11.
Package babel Info: Redefining spanish shorthand "!
(babel)             in language append on input line 11.
Package babel Info: Redefining spanish shorthand "?
(babel)             in language append on input line 11.
Package babel Info: Redefining spanish shorthand <<
(babel)             in language append on input line 20.
Package babel Info: Redefining spanish shorthand >>
(babel)             in language append on input line 20.
Package babel Info: Redefining spanish shorthand "=
(babel)             in language append on input line 20.
Package babel Info: Redefining spanish shorthand "~
(babel)             in language append on input line 20.
Package babel Info: Redefining spanish shorthand "!
(babel)             in language append on input line 20.
Package babel Info: Redefining spanish shorthand "?
(babel)             in language append on input line 20.
Package babel Info: Redefining spanish shorthand <<
(babel)             in language append on input line 20.
Package babel Info: Redefining spanish shorthand >>
(babel)             in language append on input line 20.
Package babel Info: Redefining spanish shorthand "=
(babel)             in language append on input line 20.
Package babel Info: Redefining spanish shorthand "~
(babel)             in language append on input line 20.
Package babel Info: Redefining spanish shorthand "!
(babel)             in language append on input line 20.
Package babel Info: Redefining spanish shorthand "?
(babel)             in language append on input line 20.
 [14



]
LaTeX Font Info:    Try loading font information for OMS+cmr on input line 20.

(/usr/local/texlive/2015/texmf-dist/tex/latex/base/omscmr.fd
File: omscmr.fd 2014/09/29 v2.5h Standard LaTeX font definitions
)
LaTeX Font Info:    Font shape `OMS/cmr/m/n' in size <10.95> not available
(Font)              Font shape `OMS/cmsy/m/n' tried instead on input line 20.
)
LaTeX Info: Redefining \. on input line 384.
LaTeX Info: Redefining \% on input line 384.

Overfull \vbox (0.8521pt too high) has occurred while \output is active []

Package babel Info: Redefining spanish shorthand <<
(babel)             in language append on input line 384.
Package babel Info: Redefining spanish shorthand >>
(babel)             in language append on input line 384.
Package babel Info: Redefining spanish shorthand "=
(babel)             in language append on input line 384.
Package babel Info: Redefining spanish shorthand "~
(babel)             in language append on input line 384.
Package babel Info: Redefining spanish shorthand "!
(babel)             in language append on input line 384.
Package babel Info: Redefining spanish shorthand "?
(babel)             in language append on input line 384.
Package babel Info: Redefining spanish shorthand <<
(babel)             in language append on input line 384.
Package babel Info: Redefining spanish shorthand >>
(babel)             in language append on input line 384.
Package babel Info: Redefining spanish shorthand "=
(babel)             in language append on input line 384.
Package babel Info: Redefining spanish shorthand "~
(babel)             in language append on input line 384.
Package babel Info: Redefining spanish shorthand "!
(babel)             in language append on input line 384.
Package babel Info: Redefining spanish shorthand "?
(babel)             in language append on input line 384.

[15]
\openout2 = `./tex/C_Diseno.aux'.

 (./tex/C_Diseno.tex
Package babel Info: Redefining spanish shorthand <<
(babel)             in language append on input line 1.
Package babel Info: Redefining spanish shorthand >>
(babel)             in language append on input line 1.
Package babel Info: Redefining spanish shorthand "=
(babel)             in language append on input line 1.
Package babel Info: Redefining spanish shorthand "~
(babel)             in language append on input line 1.
Package babel Info: Redefining spanish shorthand "!
(babel)             in language append on input line 1.
Package babel Info: Redefining spanish shorthand "?
(babel)             in language append on input line 1.
Package babel Info: Redefining spanish shorthand <<
(babel)             in language append on input line 3.
Package babel Info: Redefining spanish shorthand >>
(babel)             in language append on input line 3.
Package babel Info: Redefining spanish shorthand "=
(babel)             in language append on input line 3.
Package babel Info: Redefining spanish shorthand "~
(babel)             in language append on input line 3.
Package babel Info: Redefining spanish shorthand "!
(babel)             in language append on input line 3.
Package babel Info: Redefining spanish shorthand "?
(babel)             in language append on input line 3.
Package babel Info: Redefining spanish shorthand <<
(babel)             in language append on input line 5.
Package babel Info: Redefining spanish shorthand >>
(babel)             in language append on input line 5.
Package babel Info: Redefining spanish shorthand "=
(babel)             in language append on input line 5.
Package babel Info: Redefining spanish shorthand "~
(babel)             in language append on input line 5.
Package babel Info: Redefining spanish shorthand "!
(babel)             in language append on input line 5.
Package babel Info: Redefining spanish shorthand "?
(babel)             in language append on input line 5.
Package babel Info: Redefining spanish shorthand <<
(babel)             in language append on input line 7.
Package babel Info: Redefining spanish shorthand >>
(babel)             in language append on input line 7.
Package babel Info: Redefining spanish shorthand "=
(babel)             in language append on input line 7.
Package babel Info: Redefining spanish shorthand "~
(babel)             in language append on input line 7.
Package babel Info: Redefining spanish shorthand "!
(babel)             in language append on input line 7.
Package babel Info: Redefining spanish shorthand "?
(babel)             in language append on input line 7.
Package babel Info: Redefining spanish shorthand <<
(babel)             in language append on input line 9.
Package babel Info: Redefining spanish shorthand >>
(babel)             in language append on input line 9.
Package babel Info: Redefining spanish shorthand "=
(babel)             in language append on input line 9.
Package babel Info: Redefining spanish shorthand "~
(babel)             in language append on input line 9.
Package babel Info: Redefining spanish shorthand "!
(babel)             in language append on input line 9.
Package babel Info: Redefining spanish shorthand "?
(babel)             in language append on input line 9.
Package babel Info: Redefining spanish shorthand <<
(babel)             in language append on input line 20.
Package babel Info: Redefining spanish shorthand >>
(babel)             in language append on input line 20.
Package babel Info: Redefining spanish shorthand "=
(babel)             in language append on input line 20.
Package babel Info: Redefining spanish shorthand "~
(babel)             in language append on input line 20.
Package babel Info: Redefining spanish shorthand "!
(babel)             in language append on input line 20.
Package babel Info: Redefining spanish shorthand "?
(babel)             in language append on input line 20.
Package babel Info: Redefining spanish shorthand <<
(babel)             in language append on input line 20.
Package babel Info: Redefining spanish shorthand >>
(babel)             in language append on input line 20.
Package babel Info: Redefining spanish shorthand "=
(babel)             in language append on input line 20.
Package babel Info: Redefining spanish shorthand "~
(babel)             in language append on input line 20.
Package babel Info: Redefining spanish shorthand "!
(babel)             in language append on input line 20.
Package babel Info: Redefining spanish shorthand "?
(babel)             in language append on input line 20.
 [16



]
<./img/mvp2.jpg, id=632, 833.1125pt x 250.9375pt>
File: ./img/mvp2.jpg Graphic file (type jpg)
 <use ./img/mvp2.jpg>
Package pdftex.def Info: ./img/mvp2.jpg used on input line 22.
(pdftex.def)             Requested size: 332.09775pt x 100.0286pt.

<./img/mvp-workflow.jpg, id=633, 682.55pt x 502.87875pt>
File: ./img/mvp-workflow.jpg Graphic file (type jpg)

<use ./img/mvp-workflow.jpg>
Package pdftex.def Info: ./img/mvp-workflow.jpg used on input line 23.
(pdftex.def)             Requested size: 332.09775pt x 244.67857pt.
)
LaTeX Info: Redefining \. on input line 385.
LaTeX Info: Redefining \% on input line 385.

Overfull \vbox (0.8521pt too high) has occurred while \output is active []

Package babel Info: Redefining spanish shorthand <<
(babel)             in language append on input line 385.
Package babel Info: Redefining spanish shorthand >>
(babel)             in language append on input line 385.
Package babel Info: Redefining spanish shorthand "=
(babel)             in language append on input line 385.
Package babel Info: Redefining spanish shorthand "~
(babel)             in language append on input line 385.
Package babel Info: Redefining spanish shorthand "!
(babel)             in language append on input line 385.
Package babel Info: Redefining spanish shorthand "?
(babel)             in language append on input line 385.
Package babel Info: Redefining spanish shorthand <<
(babel)             in language append on input line 385.
Package babel Info: Redefining spanish shorthand >>
(babel)             in language append on input line 385.
Package babel Info: Redefining spanish shorthand "=
(babel)             in language append on input line 385.
Package babel Info: Redefining spanish shorthand "~
(babel)             in language append on input line 385.
Package babel Info: Redefining spanish shorthand "!
(babel)             in language append on input line 385.
Package babel Info: Redefining spanish shorthand "?
(babel)             in language append on input line 385.

[17 <./img/mvp2.jpg> <./img/mvp-workflow.jpg>]
\openout2 = `./tex/D_Manual_programador.aux'.

 (./tex/D_Manual_programador.tex
Package babel Info: Redefining spanish shorthand <<
(babel)             in language append on input line 1.
Package babel Info: Redefining spanish shorthand >>
(babel)             in language append on input line 1.
Package babel Info: Redefining spanish shorthand "=
(babel)             in language append on input line 1.
Package babel Info: Redefining spanish shorthand "~
(babel)             in language append on input line 1.
Package babel Info: Redefining spanish shorthand "!
(babel)             in language append on input line 1.
Package babel Info: Redefining spanish shorthand "?
(babel)             in language append on input line 1.
Package babel Info: Redefining spanish shorthand <<
(babel)             in language append on input line 3.
Package babel Info: Redefining spanish shorthand >>
(babel)             in language append on input line 3.
Package babel Info: Redefining spanish shorthand "=
(babel)             in language append on input line 3.
Package babel Info: Redefining spanish shorthand "~
(babel)             in language append on input line 3.
Package babel Info: Redefining spanish shorthand "!
(babel)             in language append on input line 3.
Package babel Info: Redefining spanish shorthand "?
(babel)             in language append on input line 3.
Package babel Info: Redefining spanish shorthand <<
(babel)             in language append on input line 5.
Package babel Info: Redefining spanish shorthand >>
(babel)             in language append on input line 5.
Package babel Info: Redefining spanish shorthand "=
(babel)             in language append on input line 5.
Package babel Info: Redefining spanish shorthand "~
(babel)             in language append on input line 5.
Package babel Info: Redefining spanish shorthand "!
(babel)             in language append on input line 5.
Package babel Info: Redefining spanish shorthand "?
(babel)             in language append on input line 5.
Package babel Info: Redefining spanish shorthand <<
(babel)             in language append on input line 7.
Package babel Info: Redefining spanish shorthand >>
(babel)             in language append on input line 7.
Package babel Info: Redefining spanish shorthand "=
(babel)             in language append on input line 7.
Package babel Info: Redefining spanish shorthand "~
(babel)             in language append on input line 7.
Package babel Info: Redefining spanish shorthand "!
(babel)             in language append on input line 7.
Package babel Info: Redefining spanish shorthand "?
(babel)             in language append on input line 7.
Package babel Info: Redefining spanish shorthand <<
(babel)             in language append on input line 10.
Package babel Info: Redefining spanish shorthand >>
(babel)             in language append on input line 10.
Package babel Info: Redefining spanish shorthand "=
(babel)             in language append on input line 10.
Package babel Info: Redefining spanish shorthand "~
(babel)             in language append on input line 10.
Package babel Info: Redefining spanish shorthand "!
(babel)             in language append on input line 10.
Package babel Info: Redefining spanish shorthand "?
(babel)             in language append on input line 10.
Package babel Info: Redefining spanish shorthand <<
(babel)             in language append on input line 19.
Package babel Info: Redefining spanish shorthand >>
(babel)             in language append on input line 19.
Package babel Info: Redefining spanish shorthand "=
(babel)             in language append on input line 19.
Package babel Info: Redefining spanish shorthand "~
(babel)             in language append on input line 19.
Package babel Info: Redefining spanish shorthand "!
(babel)             in language append on input line 19.
Package babel Info: Redefining spanish shorthand "?
(babel)             in language append on input line 19.
Package babel Info: Redefining spanish shorthand <<
(babel)             in language append on input line 19.
Package babel Info: Redefining spanish shorthand >>
(babel)             in language append on input line 19.
Package babel Info: Redefining spanish shorthand "=
(babel)             in language append on input line 19.
Package babel Info: Redefining spanish shorthand "~
(babel)             in language append on input line 19.
Package babel Info: Redefining spanish shorthand "!
(babel)             in language append on input line 19.
Package babel Info: Redefining spanish shorthand "?
(babel)             in language append on input line 19.

[18



] <./img/netBeansJava.png, id=650, 1027.84pt x 770.88pt>
File: ./img/netBeansJava.png Graphic file (type png)

<use ./img/netBeansJava.png>
Package pdftex.def Info: ./img/netBeansJava.png used on input line 20.
(pdftex.def)             Requested size: 332.09775pt x 249.07446pt.

<./img/tesseractDownload.png, id=654, 763.85374pt x 101.37875pt>
File: ./img/tesseractDownload.png Graphic file (type png)

<use ./img/tesseractDownload.png>
Package pdftex.def Info: ./img/tesseractDownload.png used on input line 29.
(pdftex.def)             Requested size: 332.09775pt x 44.07619pt.


LaTeX Warning: `!h' float specifier changed to `!ht'.

LaTeX Info: Redefining \. on input line 29.
LaTeX Info: Redefining \% on input line 29.

Overfull \vbox (0.8521pt too high) has occurred while \output is active []

Package babel Info: Redefining spanish shorthand <<
(babel)             in language append on input line 29.
Package babel Info: Redefining spanish shorthand >>
(babel)             in language append on input line 29.
Package babel Info: Redefining spanish shorthand "=
(babel)             in language append on input line 29.
Package babel Info: Redefining spanish shorthand "~
(babel)             in language append on input line 29.
Package babel Info: Redefining spanish shorthand "!
(babel)             in language append on input line 29.
Package babel Info: Redefining spanish shorthand "?
(babel)             in language append on input line 29.
Package babel Info: Redefining spanish shorthand <<
(babel)             in language append on input line 29.
Package babel Info: Redefining spanish shorthand >>
(babel)             in language append on input line 29.
Package babel Info: Redefining spanish shorthand "=
(babel)             in language append on input line 29.
Package babel Info: Redefining spanish shorthand "~
(babel)             in language append on input line 29.
Package babel Info: Redefining spanish shorthand "!
(babel)             in language append on input line 29.
Package babel Info: Redefining spanish shorthand "?
(babel)             in language append on input line 29.

[19 <./img/netBeansJava.png>]

LaTeX Warning: Citation `androidStudio' on page 20 undefined on input line 32.

Package babel Info: Redefining spanish shorthand <<
(babel)             in language append on input line 35.
Package babel Info: Redefining spanish shorthand >>
(babel)             in language append on input line 35.
Package babel Info: Redefining spanish shorthand "=
(babel)             in language append on input line 35.
Package babel Info: Redefining spanish shorthand "~
(babel)             in language append on input line 35.
Package babel Info: Redefining spanish shorthand "!
(babel)             in language append on input line 35.
Package babel Info: Redefining spanish shorthand "?
(babel)             in language append on input line 35.
)
LaTeX Info: Redefining \. on input line 386.
LaTeX Info: Redefining \% on input line 386.

Overfull \vbox (0.8521pt too high) has occurred while \output is active []

Package babel Info: Redefining spanish shorthand <<
(babel)             in language append on input line 386.
Package babel Info: Redefining spanish shorthand >>
(babel)             in language append on input line 386.
Package babel Info: Redefining spanish shorthand "=
(babel)             in language append on input line 386.
Package babel Info: Redefining spanish shorthand "~
(babel)             in language append on input line 386.
Package babel Info: Redefining spanish shorthand "!
(babel)             in language append on input line 386.
Package babel Info: Redefining spanish shorthand "?
(babel)             in language append on input line 386.
Package babel Info: Redefining spanish shorthand <<
(babel)             in language append on input line 386.
Package babel Info: Redefining spanish shorthand >>
(babel)             in language append on input line 386.
Package babel Info: Redefining spanish shorthand "=
(babel)             in language append on input line 386.
Package babel Info: Redefining spanish shorthand "~
(babel)             in language append on input line 386.
Package babel Info: Redefining spanish shorthand "!
(babel)             in language append on input line 386.
Package babel Info: Redefining spanish shorthand "?
(babel)             in language append on input line 386.

[20 <./img/tesseractDownload.png>]
\openout2 = `./tex/E_Manual_usuario.aux'.

 (./tex/E_Manual_usuario.tex
Package babel Info: Redefining spanish shorthand <<
(babel)             in language append on input line 1.
Package babel Info: Redefining spanish shorthand >>
(babel)             in language append on input line 1.
Package babel Info: Redefining spanish shorthand "=
(babel)             in language append on input line 1.
Package babel Info: Redefining spanish shorthand "~
(babel)             in language append on input line 1.
Package babel Info: Redefining spanish shorthand "!
(babel)             in language append on input line 1.
Package babel Info: Redefining spanish shorthand "?
(babel)             in language append on input line 1.
Package babel Info: Redefining spanish shorthand <<
(babel)             in language append on input line 3.
Package babel Info: Redefining spanish shorthand >>
(babel)             in language append on input line 3.
Package babel Info: Redefining spanish shorthand "=
(babel)             in language append on input line 3.
Package babel Info: Redefining spanish shorthand "~
(babel)             in language append on input line 3.
Package babel Info: Redefining spanish shorthand "!
(babel)             in language append on input line 3.
Package babel Info: Redefining spanish shorthand "?
(babel)             in language append on input line 3.
Package babel Info: Redefining spanish shorthand <<
(babel)             in language append on input line 5.
Package babel Info: Redefining spanish shorthand >>
(babel)             in language append on input line 5.
Package babel Info: Redefining spanish shorthand "=
(babel)             in language append on input line 5.
Package babel Info: Redefining spanish shorthand "~
(babel)             in language append on input line 5.
Package babel Info: Redefining spanish shorthand "!
(babel)             in language append on input line 5.
Package babel Info: Redefining spanish shorthand "?
(babel)             in language append on input line 5.
Package babel Info: Redefining spanish shorthand <<
(babel)             in language append on input line 7.
Package babel Info: Redefining spanish shorthand >>
(babel)             in language append on input line 7.
Package babel Info: Redefining spanish shorthand "=
(babel)             in language append on input line 7.
Package babel Info: Redefining spanish shorthand "~
(babel)             in language append on input line 7.
Package babel Info: Redefining spanish shorthand "!
(babel)             in language append on input line 7.
Package babel Info: Redefining spanish shorthand "?
(babel)             in language append on input line 7.
Package babel Info: Redefining spanish shorthand <<
(babel)             in language append on input line 9.
Package babel Info: Redefining spanish shorthand >>
(babel)             in language append on input line 9.
Package babel Info: Redefining spanish shorthand "=
(babel)             in language append on input line 9.
Package babel Info: Redefining spanish shorthand "~
(babel)             in language append on input line 9.
Package babel Info: Redefining spanish shorthand "!
(babel)             in language append on input line 9.
Package babel Info: Redefining spanish shorthand "?
(babel)             in language append on input line 9.
)
Package babel Info: Redefining spanish shorthand <<
(babel)             in language append on input line 387.
Package babel Info: Redefining spanish shorthand >>
(babel)             in language append on input line 387.
Package babel Info: Redefining spanish shorthand "=
(babel)             in language append on input line 387.
Package babel Info: Redefining spanish shorthand "~
(babel)             in language append on input line 387.
Package babel Info: Redefining spanish shorthand "!
(babel)             in language append on input line 387.
Package babel Info: Redefining spanish shorthand "?
(babel)             in language append on input line 387.
Package babel Info: Redefining spanish shorthand <<
(babel)             in language append on input line 387.
Package babel Info: Redefining spanish shorthand >>
(babel)             in language append on input line 387.
Package babel Info: Redefining spanish shorthand "=
(babel)             in language append on input line 387.
Package babel Info: Redefining spanish shorthand "~
(babel)             in language append on input line 387.
Package babel Info: Redefining spanish shorthand "!
(babel)             in language append on input line 387.
Package babel Info: Redefining spanish shorthand "?
(babel)             in language append on input line 387.
 [21



]
(./anexos.bbl
Package babel Info: Redefining spanish shorthand <<
(babel)             in language append on input line 1.
Package babel Info: Redefining spanish shorthand >>
(babel)             in language append on input line 1.
Package babel Info: Redefining spanish shorthand "=
(babel)             in language append on input line 1.
Package babel Info: Redefining spanish shorthand "~
(babel)             in language append on input line 1.
Package babel Info: Redefining spanish shorthand "!
(babel)             in language append on input line 1.
Package babel Info: Redefining spanish shorthand "?
(babel)             in language append on input line 1.

bibitemlist
)

Class memoir Warning: The material used in the headers is too large
(14.4521pt) for the given head height (13.6pt), it is recommended to
either increase the head height or redesign the header
(in both cases you will find help in the memoir manual). on input line 393.

Package babel Info: Redefining spanish shorthand <<
(babel)             in language append on input line 393.
Package babel Info: Redefining spanish shorthand >>
(babel)             in language append on input line 393.
Package babel Info: Redefining spanish shorthand "=
(babel)             in language append on input line 393.
Package babel Info: Redefining spanish shorthand "~
(babel)             in language append on input line 393.
Package babel Info: Redefining spanish shorthand "!
(babel)             in language append on input line 393.
Package babel Info: Redefining spanish shorthand "?
(babel)             in language append on input line 393.
Package babel Info: Redefining spanish shorthand <<
(babel)             in language append on input line 393.
Package babel Info: Redefining spanish shorthand >>
(babel)             in language append on input line 393.
Package babel Info: Redefining spanish shorthand "=
(babel)             in language append on input line 393.
Package babel Info: Redefining spanish shorthand "~
(babel)             in language append on input line 393.
Package babel Info: Redefining spanish shorthand "!
(babel)             in language append on input line 393.
Package babel Info: Redefining spanish shorthand "?
(babel)             in language append on input line 393.
[22


]
\tf@toc=\write5
\openout5 = `anexos.toc'.

\tf@lof=\write6
\openout6 = `anexos.lof'.

Package atveryend Info: Empty hook `BeforeClearDocument' on input line 393.
Package atveryend Info: Empty hook `AfterLastShipout' on input line 393.
 (./anexos.aux
LaTeX Info: Redefining \. on input line 24.
LaTeX Info: Redefining \% on input line 24.
LaTeX Info: Redefining \. on input line 28.
LaTeX Info: Redefining \% on input line 28.
 (./tex/A_Plan_proyecto.aux) (./tex/B_Requisitos.aux)
(./tex/C_Diseno.aux) (./tex/D_Manual_programador.aux)
(./tex/E_Manual_usuario.aux))
Package atveryend Info: Executing hook `AtVeryEndDocument' on input line 393.
Package atveryend Info: Executing hook `AtEndAfterFileList' on input line 393.
Package rerunfilecheck Info: File `anexos.out' has not changed.
(rerunfilecheck)             Checksum: FB1571EAA21C331A74AA00BD8CA5E1F0;2061.


LaTeX Font Warning: Some font shapes were not available, defaults substituted.


LaTeX Warning: There were undefined references.


LaTeX Warning: Label(s) may have changed. Rerun to get cross-references right.

Package atveryend Info: Empty hook `AtVeryVeryEnd' on input line 393.
 ) 
Here is how much of TeX's memory you used:
 11653 strings out of 493089
 163966 string characters out of 6134841
 307296 words of memory out of 5000000
 14840 multiletter control sequences out of 15000+600000
 13113 words of font info for 46 fonts, out of 8000000 for 9000
 1141 hyphenation exceptions out of 8191
 43i,12n,40p,480b,700s stack positions out of 5000i,500n,10000p,200000b,80000s
</usr/local/texlive/2015/texmf-dist/fonts/type1/public/amsfonts/cm/cmbx10.pfb
></usr/local/texlive/2015/texmf-dist/fonts/type1/public/amsfonts/cm/cmbx12.pfb>
</usr/local/texlive/2015/texmf-dist/fonts/type1/public/amsfonts/cm/cmbx8.pfb></
usr/local/texlive/2015/texmf-dist/fonts/type1/public/amsfonts/cm/cmcsc10.pfb></
usr/local/texlive/2015/texmf-dist/fonts/type1/public/amsfonts/cm/cmmi10.pfb></u
sr/local/texlive/2015/texmf-dist/fonts/type1/public/amsfonts/cm/cmr10.pfb></usr
/local/texlive/2015/texmf-dist/fonts/type1/public/amsfonts/cm/cmr17.pfb></usr/l
ocal/texlive/2015/texmf-dist/fonts/type1/public/amsfonts/cm/cmsl10.pfb></usr/lo
cal/texlive/2015/texmf-dist/fonts/type1/public/amsfonts/cm/cmssbx10.pfb></usr/l
ocal/texlive/2015/texmf-dist/fonts/type1/public/amsfonts/cm/cmssi12.pfb></usr/l
ocal/texlive/2015/texmf-dist/fonts/type1/public/amsfonts/cm/cmsy10.pfb></usr/lo
cal/texlive/2015/texmf-dist/fonts/type1/public/amsfonts/cm/cmti10.pfb></usr/loc
al/texlive/2015/texmf-dist/fonts/type1/public/amsfonts/cm/cmti12.pfb></usr/loca
l/texlive/2015/texmf-dist/fonts/type1/public/eurosym/feymr10.pfb>
Output written on anexos.pdf (26 pages, 987941 bytes).
PDF statistics:
 751 PDF objects out of 1000 (max. 8388607)
 670 compressed objects within 7 object streams
 110 named destinations out of 1000 (max. 500000)
 295 words of extra memory for PDF output out of 10000 (max. 10000000)

